BarExamlibrary/build/intermediates/manifest_merge_blame_file/debug/manifest-merger-blame-debug-report.txt
1<?xml version="1.0" encoding="utf-8"?>
2<manifest xmlns:android="http://schemas.android.com/apk/res/android"
3    xmlns:tools="http://schemas.android.com/tools"
4    package="com.vesam.barexamlibrary"
5    android:versionCode="1"
6    android:versionName="1.0" >
7
8    <uses-sdk
9        android:minSdkVersion="16"
9-->src\main\AndroidManifest.xml
10        android:targetSdkVersion="30" />
10-->src\main\AndroidManifest.xml
11
12    <uses-permission android:name="android.permission.ACCESS_NETWORK_STATE" />
12-->src\main\AndroidManifest.xml:6:5-79
12-->src\main\AndroidManifest.xml:6:22-76
13    <uses-permission android:name="android.permission.INTERNET" />
13-->src\main\AndroidManifest.xml:7:5-67
13-->src\main\AndroidManifest.xml:7:22-64
14    <uses-permission android:name="android.permission.VIBRATE" />
14-->src\main\AndroidManifest.xml:8:5-66
14-->src\main\AndroidManifest.xml:8:22-63
15
16    <application
16-->src\main\AndroidManifest.xml:10:5-14:30
17        android:networkSecurityConfig="@xml/network_security_config"
17-->src\main\AndroidManifest.xml:11:9-69
18        android:requestLegacyExternalStorage="true"
18-->src\main\AndroidManifest.xml:12:9-52
19        android:usesCleartextTraffic="true"
19-->src\main\AndroidManifest.xml:13:9-44
20        tools:targetApi="n" />
20-->src\main\AndroidManifest.xml:14:9-28
21
22</manifest>